<!DOCTYPE html PUBLIC "-//W3C//DTD XHTML 1.1//EN" "http://www.w3.org/TR/xhtml11/DTD/xhtml11.dtd">
<html xmlns="http://www.w3.org/1999/xhtml">
<head>
<meta http-equiv="content-type" content="text/html; charset=UTF-8"/>
<title>TestNG Report</title>
<style type="text/css">table {margin-bottom:10px;border-collapse:collapse;empty-cells:show}th,td {border:1px solid #009;padding:.25em .5em}th {vertical-align:bottom}td {vertical-align:top}table a {font-weight:bold}.stripe td {background-color: #E6EBF9}.num {text-align:right}.passedodd td {background-color: #3F3}.passedeven td {background-color: #0A0}.skippedodd td {background-color: #DDD}.skippedeven td {background-color: #CCC}.failedodd td,.attn {background-color: #F33}.failedeven td,.stripe .attn {background-color: #D00}.stacktrace {white-space:pre;font-family:monospace}.totop {font-size:85%;text-align:center;border-bottom:2px solid #000}.invisible {display:none}</style>
</head>
<body>
<table>
<tr><th>Test</th><th># Passed</th><th># Skipped</th><th># Failed</th><th>Time (ms)</th><th>Included Groups</th><th>Excluded Groups</th></tr>
<tr><th colspan="7">rest assured test</th></tr>
<tr><td><a href="#t0">TEST employee</a></td><td class="num">4</td><td class="num">0</td><td class="num attn">3</td><td class="num">5,421</td><td></td><td></td></tr>
</table>
<table id='summary'><thead><tr><th>Class</th><th>Method</th><th>Start</th><th>Time (ms)</th></tr></thead><tbody><tr><th colspan="4">rest assured test</th></tr></tbody><tbody id="t0"><tr><th colspan="4">TEST employee &#8212; failed</th></tr><tr class="failedeven"><td rowspan="1">com.employees.testcase.TC002_GETspecificemployee</td><td><a href="#m0">validateEmpid</a></td><td rowspan="1">1577933540397</td><td rowspan="1">5</td></tr><tr class="failedodd"><td rowspan="2">com.employees.testcase.TC003_PostNewEmployee</td><td><a href="#m1">validateStatuscodeerr</a></td><td rowspan="1">1577933539763</td><td rowspan="1">3</td></tr><tr class="failedodd"><td><a href="#m2">validateStatuscodeerro</a></td><td rowspan="1">1577933539770</td><td rowspan="1">1</td></tr><tr><th colspan="4">TEST employee &#8212; passed</th></tr><tr class="passedeven"><td rowspan="2">com.employees.testcase.TC001_GETallemployees</td><td><a href="#m3">checkResponseBody</a></td><td rowspan="1">1577933538925</td><td rowspan="1">12</td></tr><tr class="passedeven"><td><a href="#m4">checkStatusCode</a></td><td rowspan="1">1577933538977</td><td rowspan="1">5</td></tr><tr class="passedodd"><td rowspan="1">com.employees.testcase.TC002_GETspecificemployee</td><td><a href="#m5">validateStatuscode</a></td><td rowspan="1">1577933540405</td><td rowspan="1">2</td></tr><tr class="passedeven"><td rowspan="1">com.employees.testcase.TC003_PostNewEmployee</td><td><a href="#m6">validateStatuscode</a></td><td rowspan="1">1577933539760</td><td rowspan="1">1</td></tr></tbody>
</table>
<h2>TEST employee</h2><h3 id="m0">com.employees.testcase.TC002_GETspecificemployee#validateEmpid</h3><table class="result"><tr><th>Exception</th></tr><tr><td><div class="stacktrace">java.lang.AssertionError: expected:&lt;false&gt; but was:&lt;true&gt;
	at org.junit.Assert.fail(Assert.java:93)
	at org.junit.Assert.failNotEquals(Assert.java:647)
	at org.junit.Assert.assertEquals(Assert.java:128)
	at org.junit.Assert.assertEquals(Assert.java:147)
	at com.employees.testcase.TC002_GETspecificemployee.validateEmpid(TC002_GETspecificemployee.java:30)
... Removed 25 stack frames</div></td></tr></table><p class="totop"><a href="#summary">back to summary</a></p>
<h3 id="m1">com.employees.testcase.TC003_PostNewEmployee#validateStatuscodeerr</h3><table class="result"><tr><th>Exception</th></tr><tr><td><div class="stacktrace">java.lang.AssertionError: expected [400] but found [200]
	at com.employees.testcase.TC003_PostNewEmployee.validateStatuscodeerr(TC003_PostNewEmployee.java:53)
... Removed 31 stack frames</div></td></tr></table><p class="totop"><a href="#summary">back to summary</a></p>
<h3 id="m2">com.employees.testcase.TC003_PostNewEmployee#validateStatuscodeerro</h3><table class="result"><tr><th>Exception</th></tr><tr><td><div class="stacktrace">java.lang.AssertionError: expected [500] but found [200]
	at com.employees.testcase.TC003_PostNewEmployee.validateStatuscodeerro(TC003_PostNewEmployee.java:61)
... Removed 31 stack frames</div></td></tr></table><p class="totop"><a href="#summary">back to summary</a></p>
<h3 id="m3">com.employees.testcase.TC001_GETallemployees#checkResponseBody</h3><table class="result"><tr><th class="invisible"/></tr></table><p class="totop"><a href="#summary">back to summary</a></p>
<h3 id="m4">com.employees.testcase.TC001_GETallemployees#checkStatusCode</h3><table class="result"><tr><th class="invisible"/></tr></table><p class="totop"><a href="#summary">back to summary</a></p>
<h3 id="m5">com.employees.testcase.TC002_GETspecificemployee#validateStatuscode</h3><table class="result"><tr><th class="invisible"/></tr></table><p class="totop"><a href="#summary">back to summary</a></p>
<h3 id="m6">com.employees.testcase.TC003_PostNewEmployee#validateStatuscode</h3><table class="result"><tr><th class="invisible"/></tr></table><p class="totop"><a href="#summary">back to summary</a></p>
</body>
</html>
